<?xml version="1.0" encoding="UTF-8"?>
<testsuite name="com.experitest.auto.IOSDemoTest" tests="1" skipped="0" failures="0" errors="0" timestamp="2018-01-08T19:29:45" hostname="moshelevin-lt" time="0.0">
  <properties/>
  <testcase name="test" classname="com.experitest.auto.IOSDemoTest" time="0.0"/>
  <system-out><![CDATA[]]></system-out>
  <system-err><![CDATA[]]></system-err>
</testsuite>
