<?xml version="1.0" encoding="UTF-8"?>
<!-- Generated by org.testng.reporters.JUnitReportReporter -->
<testsuite hostname="moshelevin-lt" failures="0" tests="1" name="com.experitest.auto.AndroidDemoTest" time="79.360" errors="0" timestamp="8 Jan 2018 19:28:46 GMT">
  <testcase classname="com.experitest.auto.AndroidDemoTest" name="test" time="79.360"/>
</testsuite> <!-- com.experitest.auto.AndroidDemoTest -->
