<?xml version="1.0" encoding="UTF-8"?>
<!-- Generated by org.testng.reporters.JUnitReportReporter -->
<testsuite hostname="moshelevin-lt" failures="0" tests="1" name="com.experitest.auto.AndroidDemoTest" time="104.788" errors="0" timestamp="8 Jan 2018 20:46:53 GMT">
  <testcase classname="com.experitest.auto.AndroidDemoTest" name="test" time="104.788"/>
</testsuite> <!-- com.experitest.auto.AndroidDemoTest -->
